# JRE version: Java(TM) SE Runtime Environment (8.0_171-b11) (build 1.8.0_171-b11)
# Java VM: Java HotSpot(TM) Server VM (25.171-b11 mixed mode linux-x86 )
Heap:
 PSYoungGen      total 300800K, used 1886K [0x92cc0000, 0xa7800000, 0xa7800000)
  eden space 262400K, 0% used [0x92cc0000,0x92e97958,0xa2d00000)
  from space 38400K, 0% used [0xa2d00000,0xa2d00000,0xa5280000)
  to   space 36608K, 0% used [0xa5440000,0xa5440000,0xa7800000)
 ParOldGen       total 72448K, used 30205K [0x69600000, 0x6dcc0000, 0x92cc0000)
  object space 72448K, 41% used [0x69600000,0x6b37f748,0x6dcc0000)
 Metaspace       used 33903K, capacity 34270K, committed 40396K, reserved 41264K
GC Heap History (10 events):
Event: 121,338 GC heap before
{Heap before GC invocations=14 (full 2):
 PSYoungGen      total 193536K, used 171520K [0x92cc0000, 0xa40c0000, 0xa7800000)
  eden space 171520K, 100% used [0x92cc0000,0x9d440000,0x9d440000)
  from space 22016K, 0% used [0x9d440000,0x9d440000,0x9e9c0000)
  to   space 21248K, 0% used [0xa2c00000,0xa2c00000,0xa40c0000)
 ParOldGen       total 63488K, used 26920K [0x69600000, 0x6d400000, 0x92cc0000)
  object space 63488K, 42% used [0x69600000,0x6b04a120,0x6d400000)
 Metaspace       used 30518K, capacity 30894K, committed 30976K, reserved 31024K
Event: 121,391 GC heap after
Heap after GC invocations=14 (full 2):
 PSYoungGen      total 258048K, used 21244K [0x92cc0000, 0xa4e00000, 0xa7800000)
  eden space 236800K, 0% used [0x92cc0000,0x92cc0000,0xa1400000)
  from space 21248K, 99% used [0xa2c00000,0xa40bf188,0xa40c0000)
  to   space 24576K, 0% used [0xa1400000,0xa1400000,0xa2c00000)
 ParOldGen       total 63488K, used 27780K [0x69600000, 0x6d400000, 0x92cc0000)
  object space 63488K, 43% used [0x69600000,0x6b121238,0x6d400000)
 Metaspace       used 30518K, capacity 30894K, committed 30976K, reserved 31024K
}
Event: 242,446 GC heap before
{Heap before GC invocations=15 (full 2):
 PSYoungGen      total 258048K, used 258044K [0x92cc0000, 0xa4e00000, 0xa7800000)
  eden space 236800K, 100% used [0x92cc0000,0xa1400000,0xa1400000)
  from space 21248K, 99% used [0xa2c00000,0xa40bf188,0xa40c0000)
  to   space 24576K, 0% used [0xa1400000,0xa1400000,0xa2c00000)
 ParOldGen       total 63488K, used 27780K [0x69600000, 0x6d400000, 0x92cc0000)
  object space 63488K, 43% used [0x69600000,0x6b121238,0x6d400000)
 Metaspace       used 36471K, capacity 36873K, committed 36992K, reserved 37168K
Event: 242,601 GC heap after
Heap after GC invocations=15 (full 2):
 PSYoungGen      total 261376K, used 24571K [0x92cc0000, 0xa7800000, 0xa7800000)
  eden space 236800K, 0% used [0x92cc0000,0x92cc0000,0xa1400000)
  from space 24576K, 99% used [0xa1400000,0xa2bfef18,0xa2c00000)
  to   space 30720K, 0% used [0xa5a00000,0xa5a00000,0xa7800000)
 ParOldGen       total 63488K, used 34755K [0x69600000, 0x6d400000, 0x92cc0000)
  object space 63488K, 54% used [0x69600000,0x6b7f0f98,0x6d400000)
 Metaspace       used 36471K, capacity 36873K, committed 36992K, reserved 37168K
}
Event: 246,338 GC heap before
{Heap before GC invocations=16 (full 2):
 PSYoungGen      total 261376K, used 261371K [0x92cc0000, 0xa7800000, 0xa7800000)
  eden space 236800K, 100% used [0x92cc0000,0xa1400000,0xa1400000)
  from space 24576K, 99% used [0xa1400000,0xa2bfef18,0xa2c00000)
  to   space 30720K, 0% used [0xa5a00000,0xa5a00000,0xa7800000)
 ParOldGen       total 63488K, used 34755K [0x69600000, 0x6d400000, 0x92cc0000)
  object space 63488K, 54% used [0x69600000,0x6b7f0f98,0x6d400000)
 Metaspace       used 42080K, capacity 42501K, committed 42624K, reserved 43312K
Event: 246,455 GC heap after
Heap after GC invocations=16 (full 2):
 PSYoungGen      total 293120K, used 30717K [0x92cc0000, 0xa7800000, 0xa7800000)
  eden space 262400K, 0% used [0x92cc0000,0x92cc0000,0xa2d00000)
  from space 30720K, 99% used [0xa5a00000,0xa77ff640,0xa7800000)
  to   space 38400K, 0% used [0xa2d00000,0xa2d00000,0xa5280000)
 ParOldGen       total 63488K, used 42841K [0x69600000, 0x6d400000, 0x92cc0000)
  object space 63488K, 67% used [0x69600000,0x6bfd6658,0x6d400000)
 Metaspace       used 42080K, capacity 42501K, committed 42624K, reserved 43312K
}
Event: 253,538 GC heap before
{Heap before GC invocations=17 (full 2):
 PSYoungGen      total 293120K, used 109970K [0x92cc0000, 0xa7800000, 0xa7800000)
  eden space 262400K, 30% used [0x92cc0000,0x97a254d8,0xa2d00000)
  from space 30720K, 99% used [0xa5a00000,0xa77ff640,0xa7800000)
  to   space 38400K, 0% used [0xa2d00000,0xa2d00000,0xa5280000)
 ParOldGen       total 63488K, used 42841K [0x69600000, 0x6d400000, 0x92cc0000)
  object space 63488K, 67% used [0x69600000,0x6bfd6658,0x6d400000)
 Metaspace       used 45101K, capacity 45507K, committed 45516K, reserved 46384K
Event: 253,574 GC heap after
Heap after GC invocations=17 (full 2):
 PSYoungGen      total 300800K, used 12903K [0x92cc0000, 0xa7800000, 0xa7800000)
  eden space 262400K, 0% used [0x92cc0000,0x92cc0000,0xa2d00000)
  from space 38400K, 33% used [0xa2d00000,0xa3999e10,0xa5280000)
  to   space 36608K, 0% used [0xa5440000,0xa5440000,0xa7800000)
 ParOldGen       total 63488K, used 45790K [0x69600000, 0x6d400000, 0x92cc0000)
  object space 63488K, 72% used [0x69600000,0x6c2b7bf8,0x6d400000)
 Metaspace       used 45101K, capacity 45507K, committed 45516K, reserved 46384K
}
Event: 253,574 GC heap before
{Heap before GC invocations=18 (full 3):
 PSYoungGen      total 300800K, used 12903K [0x92cc0000, 0xa7800000, 0xa7800000)
  eden space 262400K, 0% used [0x92cc0000,0x92cc0000,0xa2d00000)
  from space 38400K, 33% used [0xa2d00000,0xa3999e10,0xa5280000)
  to   space 36608K, 0% used [0xa5440000,0xa5440000,0xa7800000)
 ParOldGen       total 63488K, used 45790K [0x69600000, 0x6d400000, 0x92cc0000)
  object space 63488K, 72% used [0x69600000,0x6c2b7bf8,0x6d400000)
 Metaspace       used 45101K, capacity 45507K, committed 45516K, reserved 46384K
Event: 253,945 GC heap after
Heap after GC invocations=18 (full 3):
 PSYoungGen      total 300800K, used 0K [0x92cc0000, 0xa7800000, 0xa7800000)
  eden space 262400K, 0% used [0x92cc0000,0x92cc0000,0xa2d00000)
  from space 38400K, 0% used [0xa2d00000,0xa2d00000,0xa5280000)
  to   space 36608K, 0% used [0xa5440000,0xa5440000,0xa7800000)
 ParOldGen       total 72448K, used 30205K [0x69600000, 0x6dcc0000, 0x92cc0000)
  object space 72448K, 41% used [0x69600000,0x6b37f748,0x6dcc0000)
 Metaspace       used 33769K, capacity 34110K, committed 40396K, reserved 41264K
}

